::1 - - [04/Apr/2022:10:45:06 +0000] "GET /api/products/find/61d7d5a6f83f9f9dcefc4a97 HTTP/1.1" 200 761 "http://localhost:3000/" "Mozilla/5.0 (Windows NT 10.0; Win64; x64) AppleWebKit/537.36 (KHTML, like Gecko) Chrome/100.0.4896.60 Safari/537.36"
::1 - - [04/Apr/2022:10:45:15 +0000] "PUT /api/carts/624a9654ff2c50de69037458 HTTP/1.1" 200 859 "http://localhost:3000/" "Mozilla/5.0 (Windows NT 10.0; Win64; x64) AppleWebKit/537.36 (KHTML, like Gecko) Chrome/100.0.4896.60 Safari/537.36"
::1 - - [04/Apr/2022:10:45:20 +0000] "GET /api/carts/find/624a9654ff2c50de69037458 HTTP/1.1" 200 859 "http://localhost:3000/" "Mozilla/5.0 (Windows NT 10.0; Win64; x64) AppleWebKit/537.36 (KHTML, like Gecko) Chrome/100.0.4896.60 Safari/537.36"
::1 - - [04/Apr/2022:10:45:22 +0000] "GET /api/products/find/61d7d5a6f83f9f9dcefc4a97 HTTP/1.1" 304 - "http://localhost:3000/" "Mozilla/5.0 (Windows NT 10.0; Win64; x64) AppleWebKit/537.36 (KHTML, like Gecko) Chrome/100.0.4896.60 Safari/537.36"
::1 - - [04/Apr/2022:10:45:30 +0000] "PUT /api/carts/624a9654ff2c50de69037458 HTTP/1.1" 200 857 "http://localhost:3000/" "Mozilla/5.0 (Windows NT 10.0; Win64; x64) AppleWebKit/537.36 (KHTML, like Gecko) Chrome/100.0.4896.60 Safari/537.36"
::1 - - [04/Apr/2022:10:45:57 +0000] "GET /api/products HTTP/1.1" 200 15285 "http://localhost:3000/" "Mozilla/5.0 (Windows NT 10.0; Win64; x64) AppleWebKit/537.36 (KHTML, like Gecko) Chrome/100.0.4896.60 Safari/537.36"
::1 - - [04/Apr/2022:10:46:09 +0000] "GET /api/products HTTP/1.1" 200 15285 "http://localhost:3000/" "Mozilla/5.0 (Windows NT 10.0; Win64; x64) AppleWebKit/537.36 (KHTML, like Gecko) Chrome/100.0.4896.60 Safari/537.36"
::1 - - [04/Apr/2022:10:46:20 +0000] "POST /api/auth/login HTTP/1.1" 200 479 "http://localhost:3000/" "Mozilla/5.0 (Windows NT 10.0; Win64; x64) AppleWebKit/537.36 (KHTML, like Gecko) Chrome/100.0.4896.60 Safari/537.36"
::1 - - [04/Apr/2022:10:46:21 +0000] "GET /api/products HTTP/1.1" 200 15285 "http://localhost:3000/" "Mozilla/5.0 (Windows NT 10.0; Win64; x64) AppleWebKit/537.36 (KHTML, like Gecko) Chrome/100.0.4896.60 Safari/537.36"
::1 - - [04/Apr/2022:10:46:23 +0000] "GET /api/carts/find/624a9654ff2c50de69037458 HTTP/1.1" 200 857 "http://localhost:3000/" "Mozilla/5.0 (Windows NT 10.0; Win64; x64) AppleWebKit/537.36 (KHTML, like Gecko) Chrome/100.0.4896.60 Safari/537.36"
::1 - - [04/Apr/2022:10:46:29 +0000] "GET /api/products HTTP/1.1" 200 15285 "http://localhost:3000/" "Mozilla/5.0 (Windows NT 10.0; Win64; x64) AppleWebKit/537.36 (KHTML, like Gecko) Chrome/100.0.4896.60 Safari/537.36"
::1 - - [04/Apr/2022:10:46:31 +0000] "GET /api/products/find/61d7d5a6f83f9f9dcefc4a97 HTTP/1.1" 200 761 "http://localhost:3000/" "Mozilla/5.0 (Windows NT 10.0; Win64; x64) AppleWebKit/537.36 (KHTML, like Gecko) Chrome/100.0.4896.60 Safari/537.36"
::1 - - [04/Apr/2022:10:46:50 +0000] "PUT /api/carts/624a9654ff2c50de69037458 HTTP/1.1" 200 859 "http://localhost:3000/" "Mozilla/5.0 (Windows NT 10.0; Win64; x64) AppleWebKit/537.36 (KHTML, like Gecko) Chrome/100.0.4896.60 Safari/537.36"
::1 - - [04/Apr/2022:10:47:04 +0000] "GET /api/products HTTP/1.1" 200 15285 "http://localhost:3000/" "Mozilla/5.0 (Windows NT 10.0; Win64; x64) AppleWebKit/537.36 (KHTML, like Gecko) Chrome/100.0.4896.60 Safari/537.36"
::1 - - [04/Apr/2022:10:47:14 +0000] "GET /api/products HTTP/1.1" 200 15285 "http://localhost:3000/" "Mozilla/5.0 (Windows NT 10.0; Win64; x64) AppleWebKit/537.36 (KHTML, like Gecko) Chrome/100.0.4896.60 Safari/537.36"
::1 - - [04/Apr/2022:10:47:38 +0000] "POST /api/auth/login HTTP/1.1" 200 479 "http://localhost:3000/" "Mozilla/5.0 (Windows NT 10.0; Win64; x64) AppleWebKit/537.36 (KHTML, like Gecko) Chrome/100.0.4896.60 Safari/537.36"
::1 - - [04/Apr/2022:10:47:38 +0000] "GET /api/products HTTP/1.1" 200 15285 "http://localhost:3000/" "Mozilla/5.0 (Windows NT 10.0; Win64; x64) AppleWebKit/537.36 (KHTML, like Gecko) Chrome/100.0.4896.60 Safari/537.36"
::1 - - [04/Apr/2022:10:47:41 +0000] "GET /api/products/find/61d7d5a6f83f9f9dcefc4a97 HTTP/1.1" 200 761 "http://localhost:3000/" "Mozilla/5.0 (Windows NT 10.0; Win64; x64) AppleWebKit/537.36 (KHTML, like Gecko) Chrome/100.0.4896.60 Safari/537.36"
::1 - - [04/Apr/2022:10:47:47 +0000] "PUT /api/carts/624a9654ff2c50de69037458 HTTP/1.1" 200 851 "http://localhost:3000/" "Mozilla/5.0 (Windows NT 10.0; Win64; x64) AppleWebKit/537.36 (KHTML, like Gecko) Chrome/100.0.4896.60 Safari/537.36"
::1 - - [04/Apr/2022:10:47:49 +0000] "PUT /api/carts/624a9654ff2c50de69037458 HTTP/1.1" 200 851 "http://localhost:3000/" "Mozilla/5.0 (Windows NT 10.0; Win64; x64) AppleWebKit/537.36 (KHTML, like Gecko) Chrome/100.0.4896.60 Safari/537.36"
::1 - - [04/Apr/2022:10:48:06 +0000] "GET /api/products HTTP/1.1" 200 15285 "http://localhost:3000/" "Mozilla/5.0 (Windows NT 10.0; Win64; x64) AppleWebKit/537.36 (KHTML, like Gecko) Chrome/100.0.4896.60 Safari/537.36"
::1 - - [04/Apr/2022:10:48:19 +0000] "GET /api/products HTTP/1.1" 200 15285 "http://localhost:3000/" "Mozilla/5.0 (Windows NT 10.0; Win64; x64) AppleWebKit/537.36 (KHTML, like Gecko) Chrome/100.0.4896.60 Safari/537.36"
::1 - - [04/Apr/2022:10:49:02 +0000] "GET /api/products/find/61d7d5a6f83f9f9dcefc4a97 HTTP/1.1" 200 761 "http://localhost:3000/" "Mozilla/5.0 (Windows NT 10.0; Win64; x64) AppleWebKit/537.36 (KHTML, like Gecko) Chrome/100.0.4896.60 Safari/537.36"
::1 - - [04/Apr/2022:10:49:16 +0000] "GET /api/products HTTP/1.1" 200 15285 "http://localhost:3000/" "Mozilla/5.0 (Windows NT 10.0; Win64; x64) AppleWebKit/537.36 (KHTML, like Gecko) Chrome/100.0.4896.60 Safari/537.36"
::1 - - [04/Apr/2022:10:49:26 +0000] "POST /api/auth/login HTTP/1.1" 200 479 "http://localhost:3000/" "Mozilla/5.0 (Windows NT 10.0; Win64; x64) AppleWebKit/537.36 (KHTML, like Gecko) Chrome/100.0.4896.60 Safari/537.36"
::1 - - [04/Apr/2022:10:49:26 +0000] "GET /api/products HTTP/1.1" 200 15285 "http://localhost:3000/" "Mozilla/5.0 (Windows NT 10.0; Win64; x64) AppleWebKit/537.36 (KHTML, like Gecko) Chrome/100.0.4896.60 Safari/537.36"
::1 - - [04/Apr/2022:10:49:29 +0000] "GET /api/carts/find/624a9654ff2c50de69037458 HTTP/1.1" 200 851 "http://localhost:3000/" "Mozilla/5.0 (Windows NT 10.0; Win64; x64) AppleWebKit/537.36 (KHTML, like Gecko) Chrome/100.0.4896.60 Safari/537.36"
::1 - - [04/Apr/2022:10:49:31 +0000] "PUT /api/carts/624a9654ff2c50de69037458 HTTP/1.1" 200 197 "http://localhost:3000/" "Mozilla/5.0 (Windows NT 10.0; Win64; x64) AppleWebKit/537.36 (KHTML, like Gecko) Chrome/100.0.4896.60 Safari/537.36"
::1 - - [04/Apr/2022:10:49:38 +0000] "GET /api/products HTTP/1.1" 200 15285 "http://localhost:3000/" "Mozilla/5.0 (Windows NT 10.0; Win64; x64) AppleWebKit/537.36 (KHTML, like Gecko) Chrome/100.0.4896.60 Safari/537.36"
::1 - - [04/Apr/2022:10:49:41 +0000] "GET /api/carts/find/624a9654ff2c50de69037458 HTTP/1.1" 200 197 "http://localhost:3000/" "Mozilla/5.0 (Windows NT 10.0; Win64; x64) AppleWebKit/537.36 (KHTML, like Gecko) Chrome/100.0.4896.60 Safari/537.36"
::1 - - [04/Apr/2022:10:49:45 +0000] "GET /api/carts/find/624a9654ff2c50de69037458 HTTP/1.1" 200 197 "http://localhost:3000/" "Mozilla/5.0 (Windows NT 10.0; Win64; x64) AppleWebKit/537.36 (KHTML, like Gecko) Chrome/100.0.4896.60 Safari/537.36"
::1 - - [04/Apr/2022:10:49:56 +0000] "GET /api/products HTTP/1.1" 200 15285 "http://localhost:3000/" "Mozilla/5.0 (Windows NT 10.0; Win64; x64) AppleWebKit/537.36 (KHTML, like Gecko) Chrome/100.0.4896.60 Safari/537.36"
::1 - - [04/Apr/2022:10:50:25 +0000] "POST /api/auth/login HTTP/1.1" 200 479 "http://localhost:3000/" "Mozilla/5.0 (Windows NT 10.0; Win64; x64) AppleWebKit/537.36 (KHTML, like Gecko) Chrome/100.0.4896.60 Safari/537.36"
::1 - - [04/Apr/2022:10:50:26 +0000] "GET /api/products HTTP/1.1" 200 15285 "http://localhost:3000/" "Mozilla/5.0 (Windows NT 10.0; Win64; x64) AppleWebKit/537.36 (KHTML, like Gecko) Chrome/100.0.4896.60 Safari/537.36"
::1 - - [04/Apr/2022:10:50:28 +0000] "GET /api/carts/find/624a9654ff2c50de69037458 HTTP/1.1" 200 197 "http://localhost:3000/" "Mozilla/5.0 (Windows NT 10.0; Win64; x64) AppleWebKit/537.36 (KHTML, like Gecko) Chrome/100.0.4896.60 Safari/537.36"
::1 - - [04/Apr/2022:10:51:47 +0000] "POST /api/checkout/payment HTTP/1.1" 200 2517 "http://localhost:3000/" "Mozilla/5.0 (Windows NT 10.0; Win64; x64) AppleWebKit/537.36 (KHTML, like Gecko) Chrome/100.0.4896.60 Safari/537.36"
::1 - - [04/Apr/2022:10:51:47 +0000] "POST /api/orders HTTP/1.1" 200 369 "http://localhost:3000/" "Mozilla/5.0 (Windows NT 10.0; Win64; x64) AppleWebKit/537.36 (KHTML, like Gecko) Chrome/100.0.4896.60 Safari/537.36"
::1 - - [04/Apr/2022:10:51:47 +0000] "PUT /api/carts/624a9654ff2c50de69037458 HTTP/1.1" 200 193 "http://localhost:3000/" "Mozilla/5.0 (Windows NT 10.0; Win64; x64) AppleWebKit/537.36 (KHTML, like Gecko) Chrome/100.0.4896.60 Safari/537.36"
::1 - - [04/Apr/2022:10:51:48 +0000] "GET /api/carts/find/624a9654ff2c50de69037458 HTTP/1.1" 200 193 "http://localhost:3000/" "Mozilla/5.0 (Windows NT 10.0; Win64; x64) AppleWebKit/537.36 (KHTML, like Gecko) Chrome/100.0.4896.60 Safari/537.36"
::1 - - [04/Apr/2022:10:51:50 +0000] "GET /api/orders/find/624a9654ff2c50de69037458 HTTP/1.1" 200 371 "http://localhost:3000/" "Mozilla/5.0 (Windows NT 10.0; Win64; x64) AppleWebKit/537.36 (KHTML, like Gecko) Chrome/100.0.4896.60 Safari/537.36"
::1 - - [04/Apr/2022:10:51:52 +0000] "GET /api/carts/find/624a9654ff2c50de69037458 HTTP/1.1" 200 193 "http://localhost:3000/" "Mozilla/5.0 (Windows NT 10.0; Win64; x64) AppleWebKit/537.36 (KHTML, like Gecko) Chrome/100.0.4896.60 Safari/537.36"
::1 - - [04/Apr/2022:10:51:55 +0000] "GET /api/products HTTP/1.1" 200 15285 "http://localhost:3000/" "Mozilla/5.0 (Windows NT 10.0; Win64; x64) AppleWebKit/537.36 (KHTML, like Gecko) Chrome/100.0.4896.60 Safari/537.36"
::1 - - [04/Apr/2022:11:02:45 +0000] "GET /api/products HTTP/1.1" 200 15285 "http://localhost:3000/" "Mozilla/5.0 (Windows NT 10.0; Win64; x64) AppleWebKit/537.36 (KHTML, like Gecko) Chrome/100.0.4896.60 Safari/537.36"
::1 - - [04/Apr/2022:11:02:48 +0000] "GET /api/products/find/61d7d5a6f83f9f9dcefc4a97 HTTP/1.1" 200 761 "http://localhost:3000/" "Mozilla/5.0 (Windows NT 10.0; Win64; x64) AppleWebKit/537.36 (KHTML, like Gecko) Chrome/100.0.4896.60 Safari/537.36"
::1 - - [04/Apr/2022:11:02:58 +0000] "PUT /api/carts/624a9654ff2c50de69037458 HTTP/1.1" 200 857 "http://localhost:3000/" "Mozilla/5.0 (Windows NT 10.0; Win64; x64) AppleWebKit/537.36 (KHTML, like Gecko) Chrome/100.0.4896.60 Safari/537.36"
::1 - - [04/Apr/2022:11:03:00 +0000] "GET /api/products HTTP/1.1" 200 15285 "http://localhost:3000/" "Mozilla/5.0 (Windows NT 10.0; Win64; x64) AppleWebKit/537.36 (KHTML, like Gecko) Chrome/100.0.4896.60 Safari/537.36"
::1 - - [04/Apr/2022:11:03:04 +0000] "GET /api/products/find/61d7dbc0f83f9f9dcefc4aae HTTP/1.1" 200 792 "http://localhost:3000/" "Mozilla/5.0 (Windows NT 10.0; Win64; x64) AppleWebKit/537.36 (KHTML, like Gecko) Chrome/100.0.4896.60 Safari/537.36"
::1 - - [04/Apr/2022:11:03:10 +0000] "PUT /api/carts/624a9654ff2c50de69037458 HTTP/1.1" 200 1554 "http://localhost:3000/" "Mozilla/5.0 (Windows NT 10.0; Win64; x64) AppleWebKit/537.36 (KHTML, like Gecko) Chrome/100.0.4896.60 Safari/537.36"
::1 - - [04/Apr/2022:11:03:13 +0000] "GET /api/carts/find/624a9654ff2c50de69037458 HTTP/1.1" 200 1554 "http://localhost:3000/" "Mozilla/5.0 (Windows NT 10.0; Win64; x64) AppleWebKit/537.36 (KHTML, like Gecko) Chrome/100.0.4896.60 Safari/537.36"
::1 - - [04/Apr/2022:11:03:18 +0000] "GET /api/products/find/61d7dbc0f83f9f9dcefc4aae HTTP/1.1" 200 792 "http://localhost:3000/" "Mozilla/5.0 (Windows NT 10.0; Win64; x64) AppleWebKit/537.36 (KHTML, like Gecko) Chrome/100.0.4896.60 Safari/537.36"
::1 - - [04/Apr/2022:11:03:20 +0000] "GET /api/products HTTP/1.1" 200 15285 "http://localhost:3000/" "Mozilla/5.0 (Windows NT 10.0; Win64; x64) AppleWebKit/537.36 (KHTML, like Gecko) Chrome/100.0.4896.60 Safari/537.36"
::1 - - [04/Apr/2022:11:03:22 +0000] "GET /api/products/find/61d7d5a6f83f9f9dcefc4a97 HTTP/1.1" 200 761 "http://localhost:3000/" "Mozilla/5.0 (Windows NT 10.0; Win64; x64) AppleWebKit/537.36 (KHTML, like Gecko) Chrome/100.0.4896.60 Safari/537.36"
::1 - - [04/Apr/2022:11:03:33 +0000] "PUT /api/carts/624a9654ff2c50de69037458 HTTP/1.1" 200 1557 "http://localhost:3000/" "Mozilla/5.0 (Windows NT 10.0; Win64; x64) AppleWebKit/537.36 (KHTML, like Gecko) Chrome/100.0.4896.60 Safari/537.36"
::1 - - [04/Apr/2022:11:03:39 +0000] "GET /api/carts/find/624a9654ff2c50de69037458 HTTP/1.1" 200 1557 "http://localhost:3000/" "Mozilla/5.0 (Windows NT 10.0; Win64; x64) AppleWebKit/537.36 (KHTML, like Gecko) Chrome/100.0.4896.60 Safari/537.36"
::1 - - [04/Apr/2022:11:03:44 +0000] "GET /api/products/find/61d7d5a6f83f9f9dcefc4a97 HTTP/1.1" 200 761 "http://localhost:3000/" "Mozilla/5.0 (Windows NT 10.0; Win64; x64) AppleWebKit/537.36 (KHTML, like Gecko) Chrome/100.0.4896.60 Safari/537.36"
::1 - - [04/Apr/2022:11:03:50 +0000] "PUT /api/carts/624a9654ff2c50de69037458 HTTP/1.1" 200 1554 "http://localhost:3000/" "Mozilla/5.0 (Windows NT 10.0; Win64; x64) AppleWebKit/537.36 (KHTML, like Gecko) Chrome/100.0.4896.60 Safari/537.36"
::1 - - [04/Apr/2022:11:03:52 +0000] "GET /api/carts/find/624a9654ff2c50de69037458 HTTP/1.1" 200 1554 "http://localhost:3000/" "Mozilla/5.0 (Windows NT 10.0; Win64; x64) AppleWebKit/537.36 (KHTML, like Gecko) Chrome/100.0.4896.60 Safari/537.36"
::1 - - [04/Apr/2022:11:05:17 +0000] "GET /api/products?category=Women%27s%20Parka%20Coat HTTP/1.1" 200 2 "http://localhost:3000/" "Mozilla/5.0 (Windows NT 10.0; Win64; x64) AppleWebKit/537.36 (KHTML, like Gecko) Chrome/100.0.4896.60 Safari/537.36"
::1 - - [04/Apr/2022:11:05:22 +0000] "GET /api/products HTTP/1.1" 304 - "http://localhost:3000/" "Mozilla/5.0 (Windows NT 10.0; Win64; x64) AppleWebKit/537.36 (KHTML, like Gecko) Chrome/100.0.4896.60 Safari/537.36"
::1 - - [04/Apr/2022:11:05:35 +0000] "GET /api/products/find/61d7d5a6f83f9f9dcefc4a97 HTTP/1.1" 304 - "http://localhost:3000/" "Mozilla/5.0 (Windows NT 10.0; Win64; x64) AppleWebKit/537.36 (KHTML, like Gecko) Chrome/100.0.4896.60 Safari/537.36"
::1 - - [04/Apr/2022:11:05:40 +0000] "PUT /api/carts/624a9654ff2c50de69037458 HTTP/1.1" 200 1549 "http://localhost:3000/" "Mozilla/5.0 (Windows NT 10.0; Win64; x64) AppleWebKit/537.36 (KHTML, like Gecko) Chrome/100.0.4896.60 Safari/537.36"
::1 - - [04/Apr/2022:11:05:47 +0000] "PUT /api/carts/624a9654ff2c50de69037458 HTTP/1.1" 200 1549 "http://localhost:3000/" "Mozilla/5.0 (Windows NT 10.0; Win64; x64) AppleWebKit/537.36 (KHTML, like Gecko) Chrome/100.0.4896.60 Safari/537.36"
::1 - - [04/Apr/2022:11:05:50 +0000] "GET /api/carts/find/624a9654ff2c50de69037458 HTTP/1.1" 200 1549 "http://localhost:3000/" "Mozilla/5.0 (Windows NT 10.0; Win64; x64) AppleWebKit/537.36 (KHTML, like Gecko) Chrome/100.0.4896.60 Safari/537.36"
::1 - - [04/Apr/2022:11:06:54 +0000] "GET /api/carts/find/624a9654ff2c50de69037458 HTTP/1.1" 304 - "http://localhost:3000/" "Mozilla/5.0 (Windows NT 10.0; Win64; x64) AppleWebKit/537.36 (KHTML, like Gecko) Chrome/100.0.4896.60 Safari/537.36"
::1 - - [04/Apr/2022:11:07:34 +0000] "GET /api/carts/find/624a9654ff2c50de69037458 HTTP/1.1" 304 - "http://localhost:3000/" "Mozilla/5.0 (Windows NT 10.0; Win64; x64) AppleWebKit/537.36 (KHTML, like Gecko) Chrome/100.0.4896.60 Safari/537.36"
::1 - - [04/Apr/2022:11:07:48 +0000] "GET /api/products HTTP/1.1" 304 - "http://localhost:3000/" "Mozilla/5.0 (Windows NT 10.0; Win64; x64) AppleWebKit/537.36 (KHTML, like Gecko) Chrome/100.0.4896.60 Safari/537.36"
::1 - - [04/Apr/2022:11:07:54 +0000] "GET /api/products/find/61d7d5a6f83f9f9dcefc4a97 HTTP/1.1" 304 - "http://localhost:3000/" "Mozilla/5.0 (Windows NT 10.0; Win64; x64) AppleWebKit/537.36 (KHTML, like Gecko) Chrome/100.0.4896.60 Safari/537.36"
::1 - - [04/Apr/2022:11:07:58 +0000] "PUT /api/carts/624a9654ff2c50de69037458 HTTP/1.1" 200 1549 "http://localhost:3000/" "Mozilla/5.0 (Windows NT 10.0; Win64; x64) AppleWebKit/537.36 (KHTML, like Gecko) Chrome/100.0.4896.60 Safari/537.36"
::1 - - [04/Apr/2022:11:08:00 +0000] "PUT /api/carts/624a9654ff2c50de69037458 HTTP/1.1" 200 1549 "http://localhost:3000/" "Mozilla/5.0 (Windows NT 10.0; Win64; x64) AppleWebKit/537.36 (KHTML, like Gecko) Chrome/100.0.4896.60 Safari/537.36"
::1 - - [04/Apr/2022:11:08:02 +0000] "GET /api/carts/find/624a9654ff2c50de69037458 HTTP/1.1" 200 1549 "http://localhost:3000/" "Mozilla/5.0 (Windows NT 10.0; Win64; x64) AppleWebKit/537.36 (KHTML, like Gecko) Chrome/100.0.4896.60 Safari/537.36"
::1 - - [04/Apr/2022:11:08:33 +0000] "GET /api/products HTTP/1.1" 304 - "http://localhost:3000/" "Mozilla/5.0 (Windows NT 10.0; Win64; x64) AppleWebKit/537.36 (KHTML, like Gecko) Chrome/100.0.4896.60 Safari/537.36"
::1 - - [04/Apr/2022:11:14:57 +0000] "POST /api/auth/register HTTP/1.1" 500 665 "http://localhost:5000/api-docs/" "Mozilla/5.0 (Windows NT 10.0; Win64; x64) AppleWebKit/537.36 (KHTML, like Gecko) Chrome/100.0.4896.60 Safari/537.36"
::1 - - [04/Apr/2022:11:21:00 +0000] "GET /api/users HTTP/1.1" 401 28 "http://localhost:5000/api-docs/" "Mozilla/5.0 (Windows NT 10.0; Win64; x64) AppleWebKit/537.36 (KHTML, like Gecko) Chrome/100.0.4896.60 Safari/537.36"
