::1 - - [04/Apr/2022:13:38:05 +0000] "GET /api/users HTTP/1.1" 200 2341 "http://localhost:5000/api-docs/" "Mozilla/5.0 (Windows NT 10.0; Win64; x64) AppleWebKit/537.36 (KHTML, like Gecko) Chrome/100.0.4896.60 Safari/537.36"
::1 - - [04/Apr/2022:13:38:16 +0000] "GET /api/products HTTP/1.1" 304 - "http://localhost:5000/api-docs/" "Mozilla/5.0 (Windows NT 10.0; Win64; x64) AppleWebKit/537.36 (KHTML, like Gecko) Chrome/100.0.4896.60 Safari/537.36"
::1 - - [04/Apr/2022:13:38:42 +0000] "GET /api/products/find/61d7d5a6f83f9f9dcefc4a97 HTTP/1.1" 304 - "http://localhost:5000/api-docs/" "Mozilla/5.0 (Windows NT 10.0; Win64; x64) AppleWebKit/537.36 (KHTML, like Gecko) Chrome/100.0.4896.60 Safari/537.36"
::1 - - [04/Apr/2022:13:40:38 +0000] "GET /api/products/find/61d7d5a6f83f9f9dcefc4a97 HTTP/1.1" 304 - "http://localhost:5000/api-docs/" "Mozilla/5.0 (Windows NT 10.0; Win64; x64) AppleWebKit/537.36 (KHTML, like Gecko) Chrome/100.0.4896.60 Safari/537.36"
::1 - - [04/Apr/2022:13:42:57 +0000] "GET /api/products/find/61d7d5a6f83f9f9dcefc4a97 HTTP/1.1" 304 - "http://localhost:5000/api-docs/" "Mozilla/5.0 (Windows NT 10.0; Win64; x64) AppleWebKit/537.36 (KHTML, like Gecko) Chrome/100.0.4896.60 Safari/537.36"
::1 - - [04/Apr/2022:13:43:43 +0000] "GET /api/products/find/61d7d5a6f83f9f9dcefc4a97 HTTP/1.1" 304 - "http://localhost:5000/api-docs/" "Mozilla/5.0 (Windows NT 10.0; Win64; x64) AppleWebKit/537.36 (KHTML, like Gecko) Chrome/100.0.4896.60 Safari/537.36"
::1 - - [04/Apr/2022:13:47:18 +0000] "GET /api/products/find/61d7d5a6f83f9f9dcefc4a97 HTTP/1.1" 304 - "http://localhost:5000/api-docs/" "Mozilla/5.0 (Windows NT 10.0; Win64; x64) AppleWebKit/537.36 (KHTML, like Gecko) Chrome/100.0.4896.60 Safari/537.36"
::1 - - [04/Apr/2022:13:47:46 +0000] "GET /api/products/find/61d7d5a6f83f9f9dcefc4a97 HTTP/1.1" 304 - "http://localhost:5000/api-docs/" "Mozilla/5.0 (Windows NT 10.0; Win64; x64) AppleWebKit/537.36 (KHTML, like Gecko) Chrome/100.0.4896.60 Safari/537.36"
::1 - - [04/Apr/2022:13:49:01 +0000] "PUT /api/products/61d7d5a6f83f9f9dcefc4a97 HTTP/1.1" 401 28 "http://localhost:5000/api-docs/" "Mozilla/5.0 (Windows NT 10.0; Win64; x64) AppleWebKit/537.36 (KHTML, like Gecko) Chrome/100.0.4896.60 Safari/537.36"
::1 - - [04/Apr/2022:13:49:49 +0000] "PUT /api/products/61d7d5a6f83f9f9dcefc4a97 HTTP/1.1" 200 765 "http://localhost:5000/api-docs/" "Mozilla/5.0 (Windows NT 10.0; Win64; x64) AppleWebKit/537.36 (KHTML, like Gecko) Chrome/100.0.4896.60 Safari/537.36"
::1 - - [04/Apr/2022:13:50:03 +0000] "GET /api/products/find/61d7d5a6f83f9f9dcefc4a97 HTTP/1.1" 200 765 "http://localhost:5000/api-docs/" "Mozilla/5.0 (Windows NT 10.0; Win64; x64) AppleWebKit/537.36 (KHTML, like Gecko) Chrome/100.0.4896.60 Safari/537.36"
::1 - - [04/Apr/2022:13:59:38 +0000] "POST /api/products HTTP/1.1" 403 21 "http://localhost:5000/api-docs/" "Mozilla/5.0 (Windows NT 10.0; Win64; x64) AppleWebKit/537.36 (KHTML, like Gecko) Chrome/100.0.4896.60 Safari/537.36"
::1 - - [04/Apr/2022:14:00:13 +0000] "POST /api/products HTTP/1.1" 200 316 "http://localhost:5000/api-docs/" "Mozilla/5.0 (Windows NT 10.0; Win64; x64) AppleWebKit/537.36 (KHTML, like Gecko) Chrome/100.0.4896.60 Safari/537.36"
::1 - - [04/Apr/2022:14:00:37 +0000] "GET /api/products/find/624af9ed24badc03b7a522f5 HTTP/1.1" 200 316 "http://localhost:5000/api-docs/" "Mozilla/5.0 (Windows NT 10.0; Win64; x64) AppleWebKit/537.36 (KHTML, like Gecko) Chrome/100.0.4896.60 Safari/537.36"
::1 - - [04/Apr/2022:14:00:54 +0000] "DELETE /api/products/624af9ed24badc03b7a522f5 HTTP/1.1" 200 29 "http://localhost:5000/api-docs/" "Mozilla/5.0 (Windows NT 10.0; Win64; x64) AppleWebKit/537.36 (KHTML, like Gecko) Chrome/100.0.4896.60 Safari/537.36"
::1 - - [04/Apr/2022:14:01:03 +0000] "GET /api/products/find/624af9ed24badc03b7a522f5 HTTP/1.1" 200 4 "http://localhost:5000/api-docs/" "Mozilla/5.0 (Windows NT 10.0; Win64; x64) AppleWebKit/537.36 (KHTML, like Gecko) Chrome/100.0.4896.60 Safari/537.36"
::1 - - [04/Apr/2022:14:14:15 +0000] "POST /api/auth/login HTTP/1.1" 200 520 "http://localhost:3000/" "Mozilla/5.0 (Windows NT 10.0; Win64; x64) AppleWebKit/537.36 (KHTML, like Gecko) Chrome/100.0.4896.60 Safari/537.36"
::1 - - [04/Apr/2022:14:14:17 +0000] "GET /api/products HTTP/1.1" 200 15289 "http://localhost:3000/" "Mozilla/5.0 (Windows NT 10.0; Win64; x64) AppleWebKit/537.36 (KHTML, like Gecko) Chrome/100.0.4896.60 Safari/537.36"
::1 - - [04/Apr/2022:14:14:18 +0000] "GET /api/users HTTP/1.1" 200 2341 "http://localhost:3000/" "Mozilla/5.0 (Windows NT 10.0; Win64; x64) AppleWebKit/537.36 (KHTML, like Gecko) Chrome/100.0.4896.60 Safari/537.36"
::1 - - [04/Apr/2022:14:14:25 +0000] "GET /api/products HTTP/1.1" 200 15289 "http://localhost:3000/" "Mozilla/5.0 (Windows NT 10.0; Win64; x64) AppleWebKit/537.36 (KHTML, like Gecko) Chrome/100.0.4896.60 Safari/537.36"
::1 - - [04/Apr/2022:14:14:34 +0000] "GET /api/users HTTP/1.1" 200 2341 "http://localhost:3000/" "Mozilla/5.0 (Windows NT 10.0; Win64; x64) AppleWebKit/537.36 (KHTML, like Gecko) Chrome/100.0.4896.60 Safari/537.36"
::1 - - [04/Apr/2022:14:14:35 +0000] "GET /api/orders HTTP/1.1" 200 11022 "http://localhost:3000/" "Mozilla/5.0 (Windows NT 10.0; Win64; x64) AppleWebKit/537.36 (KHTML, like Gecko) Chrome/100.0.4896.60 Safari/537.36"
::1 - - [04/Apr/2022:14:14:51 +0000] "GET /api/products HTTP/1.1" 200 15289 "http://localhost:3000/" "Mozilla/5.0 (Windows NT 10.0; Win64; x64) AppleWebKit/537.36 (KHTML, like Gecko) Chrome/100.0.4896.60 Safari/537.36"
::1 - - [04/Apr/2022:14:14:52 +0000] "GET /api/users HTTP/1.1" 200 2341 "http://localhost:3000/" "Mozilla/5.0 (Windows NT 10.0; Win64; x64) AppleWebKit/537.36 (KHTML, like Gecko) Chrome/100.0.4896.60 Safari/537.36"
::1 - - [04/Apr/2022:14:14:53 +0000] "GET /api/products HTTP/1.1" 200 15289 "http://localhost:3000/" "Mozilla/5.0 (Windows NT 10.0; Win64; x64) AppleWebKit/537.36 (KHTML, like Gecko) Chrome/100.0.4896.60 Safari/537.36"
::1 - - [04/Apr/2022:14:14:54 +0000] "GET /api/orders HTTP/1.1" 200 11022 "http://localhost:3000/" "Mozilla/5.0 (Windows NT 10.0; Win64; x64) AppleWebKit/537.36 (KHTML, like Gecko) Chrome/100.0.4896.60 Safari/537.36"
::1 - - [04/Apr/2022:14:15:29 +0000] "GET /api/users HTTP/1.1" 200 2341 "http://localhost:3000/" "Mozilla/5.0 (Windows NT 10.0; Win64; x64) AppleWebKit/537.36 (KHTML, like Gecko) Chrome/100.0.4896.60 Safari/537.36"
::1 - - [04/Apr/2022:14:15:33 +0000] "GET /api/products HTTP/1.1" 200 15289 "http://localhost:3000/" "Mozilla/5.0 (Windows NT 10.0; Win64; x64) AppleWebKit/537.36 (KHTML, like Gecko) Chrome/100.0.4896.60 Safari/537.36"
