::1 - - [04/Apr/2022:16:55:53 +0000] "GET /api/users HTTP/1.1" 304 - "http://localhost:3000/" "Mozilla/5.0 (Windows NT 10.0; Win64; x64) AppleWebKit/537.36 (KHTML, like Gecko) Chrome/100.0.4896.60 Safari/537.36"
::1 - - [04/Apr/2022:16:57:19 +0000] "GET /api/products HTTP/1.1" 304 - "http://localhost:3000/" "Mozilla/5.0 (Windows NT 10.0; Win64; x64) AppleWebKit/537.36 (KHTML, like Gecko) Chrome/100.0.4896.60 Safari/537.36"
::1 - - [04/Apr/2022:16:57:21 +0000] "GET /api/users HTTP/1.1" 304 - "http://localhost:3000/" "Mozilla/5.0 (Windows NT 10.0; Win64; x64) AppleWebKit/537.36 (KHTML, like Gecko) Chrome/100.0.4896.60 Safari/537.36"
::1 - - [04/Apr/2022:16:58:29 +0000] "POST /uploadFile HTTP/1.1" 200 10 "http://localhost:3000/" "Mozilla/5.0 (Windows NT 10.0; Win64; x64) AppleWebKit/537.36 (KHTML, like Gecko) Chrome/100.0.4896.60 Safari/537.36"
::1 - - [04/Apr/2022:17:02:11 +0000] "GET /api/products HTTP/1.1" 200 15289 "http://localhost:3000/" "Mozilla/5.0 (Windows NT 10.0; Win64; x64) AppleWebKit/537.36 (KHTML, like Gecko) Chrome/100.0.4896.60 Safari/537.36"
::1 - - [04/Apr/2022:17:02:28 +0000] "GET /api/users HTTP/1.1" 200 2341 "http://localhost:3000/" "Mozilla/5.0 (Windows NT 10.0; Win64; x64) AppleWebKit/537.36 (KHTML, like Gecko) Chrome/100.0.4896.60 Safari/537.36"
::1 - - [04/Apr/2022:17:02:37 +0000] "POST /uploadFile HTTP/1.1" 200 169 "http://localhost:3000/" "Mozilla/5.0 (Windows NT 10.0; Win64; x64) AppleWebKit/537.36 (KHTML, like Gecko) Chrome/100.0.4896.60 Safari/537.36"
::1 - - [04/Apr/2022:17:03:55 +0000] "GET /api/products HTTP/1.1" 200 15289 "http://localhost:3000/" "Mozilla/5.0 (Windows NT 10.0; Win64; x64) AppleWebKit/537.36 (KHTML, like Gecko) Chrome/100.0.4896.60 Safari/537.36"
::1 - - [04/Apr/2022:17:03:56 +0000] "GET /api/users HTTP/1.1" 200 2341 "http://localhost:3000/" "Mozilla/5.0 (Windows NT 10.0; Win64; x64) AppleWebKit/537.36 (KHTML, like Gecko) Chrome/100.0.4896.60 Safari/537.36"
::1 - - [04/Apr/2022:17:03:58 +0000] "GET /api/orders HTTP/1.1" 200 11022 "http://localhost:3000/" "Mozilla/5.0 (Windows NT 10.0; Win64; x64) AppleWebKit/537.36 (KHTML, like Gecko) Chrome/100.0.4896.60 Safari/537.36"
::1 - - [04/Apr/2022:17:04:06 +0000] "POST /uploadFile HTTP/1.1" 200 169 "http://localhost:3000/" "Mozilla/5.0 (Windows NT 10.0; Win64; x64) AppleWebKit/537.36 (KHTML, like Gecko) Chrome/100.0.4896.60 Safari/537.36"
::1 - - [04/Apr/2022:17:04:31 +0000] "GET /api/products HTTP/1.1" 200 15289 "http://localhost:3000/" "Mozilla/5.0 (Windows NT 10.0; Win64; x64) AppleWebKit/537.36 (KHTML, like Gecko) Chrome/100.0.4896.60 Safari/537.36"
::1 - - [04/Apr/2022:17:04:33 +0000] "GET /api/users HTTP/1.1" 200 2341 "http://localhost:3000/" "Mozilla/5.0 (Windows NT 10.0; Win64; x64) AppleWebKit/537.36 (KHTML, like Gecko) Chrome/100.0.4896.60 Safari/537.36"
::1 - - [04/Apr/2022:17:04:41 +0000] "POST /uploadFile HTTP/1.1" 200 169 "http://localhost:3000/" "Mozilla/5.0 (Windows NT 10.0; Win64; x64) AppleWebKit/537.36 (KHTML, like Gecko) Chrome/100.0.4896.60 Safari/537.36"
::1 - - [04/Apr/2022:17:05:20 +0000] "GET /api/products HTTP/1.1" 200 15289 "http://localhost:3000/" "Mozilla/5.0 (Windows NT 10.0; Win64; x64) AppleWebKit/537.36 (KHTML, like Gecko) Chrome/100.0.4896.60 Safari/537.36"
::1 - - [04/Apr/2022:17:05:23 +0000] "GET /api/users HTTP/1.1" 200 2341 "http://localhost:3000/" "Mozilla/5.0 (Windows NT 10.0; Win64; x64) AppleWebKit/537.36 (KHTML, like Gecko) Chrome/100.0.4896.60 Safari/537.36"
::1 - - [04/Apr/2022:17:05:29 +0000] "POST /uploadFile HTTP/1.1" 200 91 "http://localhost:3000/" "Mozilla/5.0 (Windows NT 10.0; Win64; x64) AppleWebKit/537.36 (KHTML, like Gecko) Chrome/100.0.4896.60 Safari/537.36"
::1 - - [04/Apr/2022:17:05:54 +0000] "GET /api/products HTTP/1.1" 200 15289 "http://localhost:3000/" "Mozilla/5.0 (Windows NT 10.0; Win64; x64) AppleWebKit/537.36 (KHTML, like Gecko) Chrome/100.0.4896.60 Safari/537.36"
::1 - - [04/Apr/2022:17:05:56 +0000] "GET /api/users HTTP/1.1" 200 2341 "http://localhost:3000/" "Mozilla/5.0 (Windows NT 10.0; Win64; x64) AppleWebKit/537.36 (KHTML, like Gecko) Chrome/100.0.4896.60 Safari/537.36"
::1 - - [04/Apr/2022:17:06:03 +0000] "POST /uploadFile HTTP/1.1" 200 91 "http://localhost:3000/" "Mozilla/5.0 (Windows NT 10.0; Win64; x64) AppleWebKit/537.36 (KHTML, like Gecko) Chrome/100.0.4896.60 Safari/537.36"
::1 - - [04/Apr/2022:17:08:31 +0000] "GET /api/products HTTP/1.1" 200 15289 "http://localhost:3000/" "Mozilla/5.0 (Windows NT 10.0; Win64; x64) AppleWebKit/537.36 (KHTML, like Gecko) Chrome/100.0.4896.60 Safari/537.36"
::1 - - [04/Apr/2022:17:08:34 +0000] "GET /api/users HTTP/1.1" 200 2341 "http://localhost:3000/" "Mozilla/5.0 (Windows NT 10.0; Win64; x64) AppleWebKit/537.36 (KHTML, like Gecko) Chrome/100.0.4896.60 Safari/537.36"
::1 - - [04/Apr/2022:17:08:41 +0000] "POST /uploadFile HTTP/1.1" 500 1722 "http://localhost:3000/" "Mozilla/5.0 (Windows NT 10.0; Win64; x64) AppleWebKit/537.36 (KHTML, like Gecko) Chrome/100.0.4896.60 Safari/537.36"
::1 - - [04/Apr/2022:17:09:02 +0000] "GET /api/products HTTP/1.1" 200 15289 "http://localhost:3000/" "Mozilla/5.0 (Windows NT 10.0; Win64; x64) AppleWebKit/537.36 (KHTML, like Gecko) Chrome/100.0.4896.60 Safari/537.36"
::1 - - [04/Apr/2022:17:09:03 +0000] "GET /api/users HTTP/1.1" 200 2341 "http://localhost:3000/" "Mozilla/5.0 (Windows NT 10.0; Win64; x64) AppleWebKit/537.36 (KHTML, like Gecko) Chrome/100.0.4896.60 Safari/537.36"
::1 - - [04/Apr/2022:17:09:10 +0000] "POST /uploadFile HTTP/1.1" 200 91 "http://localhost:3000/" "Mozilla/5.0 (Windows NT 10.0; Win64; x64) AppleWebKit/537.36 (KHTML, like Gecko) Chrome/100.0.4896.60 Safari/537.36"
::1 - - [04/Apr/2022:17:10:10 +0000] "POST /uploadFile HTTP/1.1" 200 91 "http://localhost:3000/" "Mozilla/5.0 (Windows NT 10.0; Win64; x64) AppleWebKit/537.36 (KHTML, like Gecko) Chrome/100.0.4896.60 Safari/537.36"
::1 - - [04/Apr/2022:17:11:52 +0000] "GET /api/products HTTP/1.1" 200 15289 "http://localhost:3000/" "Mozilla/5.0 (Windows NT 10.0; Win64; x64) AppleWebKit/537.36 (KHTML, like Gecko) Chrome/100.0.4896.60 Safari/537.36"
::1 - - [04/Apr/2022:17:11:54 +0000] "GET /api/users HTTP/1.1" 200 2341 "http://localhost:3000/" "Mozilla/5.0 (Windows NT 10.0; Win64; x64) AppleWebKit/537.36 (KHTML, like Gecko) Chrome/100.0.4896.60 Safari/537.36"
::1 - - [04/Apr/2022:17:12:02 +0000] "POST /uploadFile HTTP/1.1" 200 169 "http://localhost:3000/" "Mozilla/5.0 (Windows NT 10.0; Win64; x64) AppleWebKit/537.36 (KHTML, like Gecko) Chrome/100.0.4896.60 Safari/537.36"
::1 - - [04/Apr/2022:17:16:04 +0000] "GET /images/33fba953e486cf1690a130c556531b74.jpeg HTTP/1.1" 404 183 "-" "PostmanRuntime/7.28.4"
::1 - - [04/Apr/2022:17:17:21 +0000] "GET /uploads/33fba953e486cf1690a130c556531b74.jpeg HTTP/1.1" 404 184 "-" "PostmanRuntime/7.28.4"
::1 - - [04/Apr/2022:17:18:04 +0000] "GET /uploads/33fba953e486cf1690a130c556531b74.jpeg HTTP/1.1" 200 46477 "-" "PostmanRuntime/7.28.4"
::1 - - [04/Apr/2022:17:21:12 +0000] "GET /api/products HTTP/1.1" 200 15289 "http://localhost:3000/" "Mozilla/5.0 (Windows NT 10.0; Win64; x64) AppleWebKit/537.36 (KHTML, like Gecko) Chrome/100.0.4896.60 Safari/537.36"
::1 - - [04/Apr/2022:17:21:56 +0000] "POST /uploadFile HTTP/1.1" 200 86 "http://localhost:3000/" "Mozilla/5.0 (Windows NT 10.0; Win64; x64) AppleWebKit/537.36 (KHTML, like Gecko) Chrome/100.0.4896.60 Safari/537.36"
::1 - - [04/Apr/2022:17:23:36 +0000] "GET /api/products HTTP/1.1" 200 15289 "http://localhost:3000/" "Mozilla/5.0 (Windows NT 10.0; Win64; x64) AppleWebKit/537.36 (KHTML, like Gecko) Chrome/100.0.4896.60 Safari/537.36"
::1 - - [04/Apr/2022:17:23:41 +0000] "GET /api/users HTTP/1.1" 200 2341 "http://localhost:3000/" "Mozilla/5.0 (Windows NT 10.0; Win64; x64) AppleWebKit/537.36 (KHTML, like Gecko) Chrome/100.0.4896.60 Safari/537.36"
::1 - - [04/Apr/2022:17:23:56 +0000] "GET /api/products HTTP/1.1" 200 15289 "http://localhost:3000/" "Mozilla/5.0 (Windows NT 10.0; Win64; x64) AppleWebKit/537.36 (KHTML, like Gecko) Chrome/100.0.4896.60 Safari/537.36"
::1 - - [04/Apr/2022:17:23:57 +0000] "GET /api/users HTTP/1.1" 200 2341 "http://localhost:3000/" "Mozilla/5.0 (Windows NT 10.0; Win64; x64) AppleWebKit/537.36 (KHTML, like Gecko) Chrome/100.0.4896.60 Safari/537.36"
::1 - - [04/Apr/2022:17:24:08 +0000] "POST /uploadFile HTTP/1.1" 200 86 "http://localhost:3000/" "Mozilla/5.0 (Windows NT 10.0; Win64; x64) AppleWebKit/537.36 (KHTML, like Gecko) Chrome/100.0.4896.60 Safari/537.36"
::1 - - [04/Apr/2022:17:24:08 +0000] "GET /uploads/5ed40e0850356b94334c36ab561ada39.jpeg HTTP/1.1" 200 46477 "http://localhost:3000/" "Mozilla/5.0 (Windows NT 10.0; Win64; x64) AppleWebKit/537.36 (KHTML, like Gecko) Chrome/100.0.4896.60 Safari/537.36"
::1 - - [04/Apr/2022:17:24:51 +0000] "GET /uploads/5ed40e0850356b94334c36ab561ada39.jpeg HTTP/1.1" 200 46477 "http://localhost:3000/" "Mozilla/5.0 (Windows NT 10.0; Win64; x64) AppleWebKit/537.36 (KHTML, like Gecko) Chrome/100.0.4896.60 Safari/537.36"
::1 - - [04/Apr/2022:17:26:13 +0000] "GET /api/products HTTP/1.1" 200 15289 "http://localhost:3000/" "Mozilla/5.0 (Windows NT 10.0; Win64; x64) AppleWebKit/537.36 (KHTML, like Gecko) Chrome/100.0.4896.60 Safari/537.36"
::1 - - [04/Apr/2022:17:26:15 +0000] "GET /api/users HTTP/1.1" 200 2341 "http://localhost:3000/" "Mozilla/5.0 (Windows NT 10.0; Win64; x64) AppleWebKit/537.36 (KHTML, like Gecko) Chrome/100.0.4896.60 Safari/537.36"
::1 - - [04/Apr/2022:17:26:32 +0000] "POST /uploadFile HTTP/1.1" 200 86 "http://localhost:3000/" "Mozilla/5.0 (Windows NT 10.0; Win64; x64) AppleWebKit/537.36 (KHTML, like Gecko) Chrome/100.0.4896.60 Safari/537.36"
::1 - - [04/Apr/2022:17:26:32 +0000] "GET /uploads/15866e275ec8aeeef3901f22c455a287.jpeg HTTP/1.1" 200 46477 "http://localhost:3000/" "Mozilla/5.0 (Windows NT 10.0; Win64; x64) AppleWebKit/537.36 (KHTML, like Gecko) Chrome/100.0.4896.60 Safari/537.36"
::1 - - [04/Apr/2022:17:26:51 +0000] "GET /uploads/15866e275ec8aeeef3901f22c455a287.jpeg HTTP/1.1" 200 46477 "http://localhost:3000/" "Mozilla/5.0 (Windows NT 10.0; Win64; x64) AppleWebKit/537.36 (KHTML, like Gecko) Chrome/100.0.4896.60 Safari/537.36"
::1 - - [04/Apr/2022:17:29:05 +0000] "GET /api/products HTTP/1.1" 200 15289 "http://localhost:3000/" "Mozilla/5.0 (Windows NT 10.0; Win64; x64) AppleWebKit/537.36 (KHTML, like Gecko) Chrome/100.0.4896.60 Safari/537.36"
::1 - - [04/Apr/2022:17:29:27 +0000] "GET /api/products HTTP/1.1" 304 - "http://localhost:3000/" "Mozilla/5.0 (Windows NT 10.0; Win64; x64) AppleWebKit/537.36 (KHTML, like Gecko) Chrome/100.0.4896.60 Safari/537.36"
