::1 - - [04/Apr/2022:12:36:15 +0000] "POST /api/auth/register HTTP/1.1" 201 525 "http://localhost:5000/api-docs/" "Mozilla/5.0 (Windows NT 10.0; Win64; x64) AppleWebKit/537.36 (KHTML, like Gecko) Chrome/100.0.4896.60 Safari/537.36"
::1 - - [04/Apr/2022:12:36:31 +0000] "GET /api/users HTTP/1.1" 403 21 "http://localhost:5000/api-docs/" "Mozilla/5.0 (Windows NT 10.0; Win64; x64) AppleWebKit/537.36 (KHTML, like Gecko) Chrome/100.0.4896.60 Safari/537.36"
::1 - - [04/Apr/2022:12:36:50 +0000] "POST /api/auth/login HTTP/1.1" 200 456 "http://localhost:5000/api-docs/" "Mozilla/5.0 (Windows NT 10.0; Win64; x64) AppleWebKit/537.36 (KHTML, like Gecko) Chrome/100.0.4896.60 Safari/537.36"
::1 - - [04/Apr/2022:12:37:21 +0000] "GET /api/users HTTP/1.1" 403 21 "http://localhost:5000/api-docs/" "Mozilla/5.0 (Windows NT 10.0; Win64; x64) AppleWebKit/537.36 (KHTML, like Gecko) Chrome/100.0.4896.60 Safari/537.36"
::1 - - [04/Apr/2022:12:41:12 +0000] "GET /api/users HTTP/1.1" 403 21 "http://localhost:5000/api-docs/" "Mozilla/5.0 (Windows NT 10.0; Win64; x64) AppleWebKit/537.36 (KHTML, like Gecko) Chrome/100.0.4896.60 Safari/537.36"
::1 - - [04/Apr/2022:12:43:02 +0000] "GET /api/users HTTP/1.1" 403 21 "http://localhost:5000/api-docs/" "Mozilla/5.0 (Windows NT 10.0; Win64; x64) AppleWebKit/537.36 (KHTML, like Gecko) Chrome/100.0.4896.60 Safari/537.36"
::1 - - [04/Apr/2022:12:44:17 +0000] "GET /api/users HTTP/1.1" 403 21 "http://localhost:5000/api-docs/" "Mozilla/5.0 (Windows NT 10.0; Win64; x64) AppleWebKit/537.36 (KHTML, like Gecko) Chrome/100.0.4896.60 Safari/537.36"
::1 - - [04/Apr/2022:12:46:00 +0000] "GET /api/users HTTP/1.1" 403 32 "http://localhost:5000/api-docs/" "Mozilla/5.0 (Windows NT 10.0; Win64; x64) AppleWebKit/537.36 (KHTML, like Gecko) Chrome/100.0.4896.60 Safari/537.36"
::1 - - [04/Apr/2022:12:48:15 +0000] "GET /api/users HTTP/1.1" 403 32 "http://localhost:5000/api-docs/" "Mozilla/5.0 (Windows NT 10.0; Win64; x64) AppleWebKit/537.36 (KHTML, like Gecko) Chrome/100.0.4896.60 Safari/537.36"
::1 - - [04/Apr/2022:12:48:39 +0000] "POST /api/auth/login HTTP/1.1" 200 479 "http://localhost:5000/api-docs/" "Mozilla/5.0 (Windows NT 10.0; Win64; x64) AppleWebKit/537.36 (KHTML, like Gecko) Chrome/100.0.4896.60 Safari/537.36"
::1 - - [04/Apr/2022:12:49:08 +0000] "GET /api/users HTTP/1.1" 403 32 "http://localhost:5000/api-docs/" "Mozilla/5.0 (Windows NT 10.0; Win64; x64) AppleWebKit/537.36 (KHTML, like Gecko) Chrome/100.0.4896.60 Safari/537.36"
::1 - - [04/Apr/2022:12:58:23 +0000] "GET /api/users HTTP/1.1" 403 32 "http://localhost:5000/api-docs/" "Mozilla/5.0 (Windows NT 10.0; Win64; x64) AppleWebKit/537.36 (KHTML, like Gecko) Chrome/100.0.4896.60 Safari/537.36"
::1 - - [04/Apr/2022:12:58:57 +0000] "GET /api/users HTTP/1.1" 403 32 "http://localhost:5000/api-docs/" "Mozilla/5.0 (Windows NT 10.0; Win64; x64) AppleWebKit/537.36 (KHTML, like Gecko) Chrome/100.0.4896.60 Safari/537.36"
::1 - - [04/Apr/2022:13:01:40 +0000] "POST /api/auth/login HTTP/1.1" 200 520 "http://localhost:5000/api-docs/" "Mozilla/5.0 (Windows NT 10.0; Win64; x64) AppleWebKit/537.36 (KHTML, like Gecko) Chrome/100.0.4896.60 Safari/537.36"
::1 - - [04/Apr/2022:13:02:05 +0000] "GET /api/users HTTP/1.1" 200 2641 "http://localhost:5000/api-docs/" "Mozilla/5.0 (Windows NT 10.0; Win64; x64) AppleWebKit/537.36 (KHTML, like Gecko) Chrome/100.0.4896.60 Safari/537.36"
::1 - - [04/Apr/2022:13:03:32 +0000] "GET /api/users/find/61dad31da74a2cc50d34e8fd HTTP/1.1" 200 269 "http://localhost:5000/api-docs/" "Mozilla/5.0 (Windows NT 10.0; Win64; x64) AppleWebKit/537.36 (KHTML, like Gecko) Chrome/100.0.4896.60 Safari/537.36"
::1 - - [04/Apr/2022:13:07:52 +0000] "GET /api/users/find/61dad31da74a2cc50d34e8fd HTTP/1.1" 401 28 "http://localhost:5000/api-docs/" "Mozilla/5.0 (Windows NT 10.0; Win64; x64) AppleWebKit/537.36 (KHTML, like Gecko) Chrome/100.0.4896.60 Safari/537.36"
::1 - - [04/Apr/2022:13:08:26 +0000] "POST /api/auth/login HTTP/1.1" 200 520 "http://localhost:5000/api-docs/" "Mozilla/5.0 (Windows NT 10.0; Win64; x64) AppleWebKit/537.36 (KHTML, like Gecko) Chrome/100.0.4896.60 Safari/537.36"
::1 - - [04/Apr/2022:13:08:53 +0000] "GET /api/users/find/61dad31da74a2cc50d34e8fd HTTP/1.1" 304 - "http://localhost:5000/api-docs/" "Mozilla/5.0 (Windows NT 10.0; Win64; x64) AppleWebKit/537.36 (KHTML, like Gecko) Chrome/100.0.4896.60 Safari/537.36"
::1 - - [04/Apr/2022:13:10:08 +0000] "PUT /api/users/61dad31da74a2cc50d34e8fd HTTP/1.1" 200 333 "http://localhost:5000/api-docs/" "Mozilla/5.0 (Windows NT 10.0; Win64; x64) AppleWebKit/537.36 (KHTML, like Gecko) Chrome/100.0.4896.60 Safari/537.36"
::1 - - [04/Apr/2022:13:10:20 +0000] "GET /api/users/find/61dad31da74a2cc50d34e8fd HTTP/1.1" 200 275 "http://localhost:5000/api-docs/" "Mozilla/5.0 (Windows NT 10.0; Win64; x64) AppleWebKit/537.36 (KHTML, like Gecko) Chrome/100.0.4896.60 Safari/537.36"
::1 - - [04/Apr/2022:13:11:14 +0000] "DELETE /api/users/624ae63fdfae138dcd7b033a HTTP/1.1" 200 26 "http://localhost:5000/api-docs/" "Mozilla/5.0 (Windows NT 10.0; Win64; x64) AppleWebKit/537.36 (KHTML, like Gecko) Chrome/100.0.4896.60 Safari/537.36"
::1 - - [04/Apr/2022:13:12:38 +0000] "GET /api/users/find/61dad31da74a2cc50d34e8fd HTTP/1.1" 304 - "http://localhost:5000/api-docs/" "Mozilla/5.0 (Windows NT 10.0; Win64; x64) AppleWebKit/537.36 (KHTML, like Gecko) Chrome/100.0.4896.60 Safari/537.36"
::1 - - [04/Apr/2022:13:29:58 +0000] "POST /api/auth/login HTTP/1.1" 200 520 "http://localhost:5000/api-docs/" "Mozilla/5.0 (Windows NT 10.0; Win64; x64) AppleWebKit/537.36 (KHTML, like Gecko) Chrome/100.0.4896.60 Safari/537.36"
